The system is: Linux - 4.14.8-200.fc26.x86_64 - x86_64
Compiling the C compiler identification source file "CMakeCCompilerId.c" succeeded.
Compiler: /bin/cc 
Build flags: 
Id flags:  

The output was:
0


Compilation of the C compiler identification source "CMakeCCompilerId.c" produced "a.out"

The C compiler identification is GNU, found in "/home/vchelot/CPP/cpp_indie_studio/src/Graphics/CMakeFiles/3.10.0/CompilerIdC/a.out"

Compiling the CXX compiler identification source file "CMakeCXXCompilerId.cpp" succeeded.
Compiler: /bin/c++ 
Build flags: 
Id flags:  

The output was:
0


Compilation of the CXX compiler identification source "CMakeCXXCompilerId.cpp" produced "a.out"

The CXX compiler identification is GNU, found in "/home/vchelot/CPP/cpp_indie_studio/src/Graphics/CMakeFiles/3.10.0/CompilerIdCXX/a.out"

Determining if the C compiler works passed with the following output:
Change Dir: /home/vchelot/CPP/cpp_indie_studio/src/Graphics/CMakeFiles/CMakeTmp

Run Build Command:"/bin/gmake" "cmTC_ae501/fast"
/bin/gmake -f CMakeFiles/cmTC_ae501.dir/build.make CMakeFiles/cmTC_ae501.dir/build
gmake[1] : on entre dans le répertoire « /home/vchelot/CPP/cpp_indie_studio/src/Graphics/CMakeFiles/CMakeTmp »
Building C object CMakeFiles/cmTC_ae501.dir/testCCompiler.c.o
/bin/cc    -o CMakeFiles/cmTC_ae501.dir/testCCompiler.c.o   -c /home/vchelot/CPP/cpp_indie_studio/src/Graphics/CMakeFiles/CMakeTmp/testCCompiler.c
Linking C executable cmTC_ae501
/usr/bin/cmake -E cmake_link_script CMakeFiles/cmTC_ae501.dir/link.txt --verbose=1
/bin/cc      CMakeFiles/cmTC_ae501.dir/testCCompiler.c.o  -o cmTC_ae501 
gmake[1] : on quitte le répertoire « /home/vchelot/CPP/cpp_indie_studio/src/Graphics/CMakeFiles/CMakeTmp »


Detecting C compiler ABI info compiled with the following output:
Change Dir: /home/vchelot/CPP/cpp_indie_studio/src/Graphics/CMakeFiles/CMakeTmp

Run Build Command:"/bin/gmake" "cmTC_2d2fc/fast"
/bin/gmake -f CMakeFiles/cmTC_2d2fc.dir/build.make CMakeFiles/cmTC_2d2fc.dir/build
gmake[1] : on entre dans le répertoire « /home/vchelot/CPP/cpp_indie_studio/src/Graphics/CMakeFiles/CMakeTmp »
Building C object CMakeFiles/cmTC_2d2fc.dir/CMakeCCompilerABI.c.o
/bin/cc    -o CMakeFiles/cmTC_2d2fc.dir/CMakeCCompilerABI.c.o   -c /usr/share/cmake/Modules/CMakeCCompilerABI.c
Linking C executable cmTC_2d2fc
/usr/bin/cmake -E cmake_link_script CMakeFiles/cmTC_2d2fc.dir/link.txt --verbose=1
/bin/cc     -v CMakeFiles/cmTC_2d2fc.dir/CMakeCCompilerABI.c.o  -o cmTC_2d2fc 
Utilisation des specs internes.
COLLECT_GCC=/bin/cc
COLLECT_LTO_WRAPPER=/usr/libexec/gcc/x86_64-redhat-linux/7/lto-wrapper
OFFLOAD_TARGET_NAMES=nvptx-none
OFFLOAD_TARGET_DEFAULT=1
Cible : x86_64-redhat-linux
Configuré avec: ../configure --enable-bootstrap --enable-languages=c,c++,objc,obj-c++,fortran,ada,go,lto --prefix=/usr --mandir=/usr/share/man --infodir=/usr/share/info --with-bugurl=http://bugzilla.redhat.com/bugzilla --enable-shared --enable-threads=posix --enable-checking=release --enable-multilib --with-system-zlib --enable-__cxa_atexit --disable-libunwind-exceptions --enable-gnu-unique-object --enable-linker-build-id --with-gcc-major-version-only --with-linker-hash-style=gnu --enable-plugin --enable-initfini-array --with-isl --enable-libmpx --enable-offload-targets=nvptx-none --without-cuda-driver --enable-gnu-indirect-function --with-tune=generic --with-arch_32=i686 --build=x86_64-redhat-linux
Modèle de thread: posix
gcc version 7.3.1 20180130 (Red Hat 7.3.1-2) (GCC) 
COMPILER_PATH=/usr/libexec/gcc/x86_64-redhat-linux/7/:/usr/libexec/gcc/x86_64-redhat-linux/7/:/usr/libexec/gcc/x86_64-redhat-linux/:/usr/lib/gcc/x86_64-redhat-linux/7/:/usr/lib/gcc/x86_64-redhat-linux/
LIBRARY_PATH=/usr/lib/gcc/x86_64-redhat-linux/7/:/usr/lib/gcc/x86_64-redhat-linux/7/../../../../lib64/:/lib/../lib64/:/usr/lib/../lib64/:./:/usr/lib/gcc/x86_64-redhat-linux/7/../../../:/lib/:/usr/lib/
COLLECT_GCC_OPTIONS='-v' '-o' 'cmTC_2d2fc' '-mtune=generic' '-march=x86-64'
 /usr/libexec/gcc/x86_64-redhat-linux/7/collect2 -plugin /usr/libexec/gcc/x86_64-redhat-linux/7/liblto_plugin.so -plugin-opt=/usr/libexec/gcc/x86_64-redhat-linux/7/lto-wrapper -plugin-opt=-fresolution=/tmp/ccYqVIGu.res -plugin-opt=-pass-through=-lgcc -plugin-opt=-pass-through=-lgcc_s -plugin-opt=-pass-through=-lc -plugin-opt=-pass-through=-lgcc -plugin-opt=-pass-through=-lgcc_s --build-id --no-add-needed --eh-frame-hdr --hash-style=gnu -m elf_x86_64 -dynamic-linker /lib64/ld-linux-x86-64.so.2 -o cmTC_2d2fc /usr/lib/gcc/x86_64-redhat-linux/7/../../../../lib64/crt1.o /usr/lib/gcc/x86_64-redhat-linux/7/../../../../lib64/crti.o /usr/lib/gcc/x86_64-redhat-linux/7/crtbegin.o -L/usr/lib/gcc/x86_64-redhat-linux/7 -L/usr/lib/gcc/x86_64-redhat-linux/7/../../../../lib64 -L/lib/../lib64 -L/usr/lib/../lib64 -L. -L/usr/lib/gcc/x86_64-redhat-linux/7/../../.. CMakeFiles/cmTC_2d2fc.dir/CMakeCCompilerABI.c.o -lgcc --as-needed -lgcc_s --no-as-needed -lc -lgcc --as-needed -lgcc_s --no-as-needed /usr/lib/gcc/x86_64-redhat-linux/7/crtend.o /usr/lib/gcc/x86_64-redhat-linux/7/../../../../lib64/crtn.o
COLLECT_GCC_OPTIONS='-v' '-o' 'cmTC_2d2fc' '-mtune=generic' '-march=x86-64'
gmake[1] : on quitte le répertoire « /home/vchelot/CPP/cpp_indie_studio/src/Graphics/CMakeFiles/CMakeTmp »


Parsed C implicit link information from above output:
  link line regex: [^( *|.*[/\])(ld|CMAKE_LINK_STARTFILE-NOTFOUND|([^/\]+-)?ld|collect2)[^/\]*( |$)]
  ignore line: [Change Dir: /home/vchelot/CPP/cpp_indie_studio/src/Graphics/CMakeFiles/CMakeTmp]
  ignore line: []
  ignore line: [Run Build Command:"/bin/gmake" "cmTC_2d2fc/fast"]
  ignore line: [/bin/gmake -f CMakeFiles/cmTC_2d2fc.dir/build.make CMakeFiles/cmTC_2d2fc.dir/build]
  ignore line: [gmake[1] : on entre dans le répertoire « /home/vchelot/CPP/cpp_indie_studio/src/Graphics/CMakeFiles/CMakeTmp »]
  ignore line: [Building C object CMakeFiles/cmTC_2d2fc.dir/CMakeCCompilerABI.c.o]
  ignore line: [/bin/cc    -o CMakeFiles/cmTC_2d2fc.dir/CMakeCCompilerABI.c.o   -c /usr/share/cmake/Modules/CMakeCCompilerABI.c]
  ignore line: [Linking C executable cmTC_2d2fc]
  ignore line: [/usr/bin/cmake -E cmake_link_script CMakeFiles/cmTC_2d2fc.dir/link.txt --verbose=1]
  ignore line: [/bin/cc     -v CMakeFiles/cmTC_2d2fc.dir/CMakeCCompilerABI.c.o  -o cmTC_2d2fc ]
  ignore line: [Utilisation des specs internes.]
  ignore line: [COLLECT_GCC=/bin/cc]
  ignore line: [COLLECT_LTO_WRAPPER=/usr/libexec/gcc/x86_64-redhat-linux/7/lto-wrapper]
  ignore line: [OFFLOAD_TARGET_NAMES=nvptx-none]
  ignore line: [OFFLOAD_TARGET_DEFAULT=1]
  ignore line: [Cible : x86_64-redhat-linux]
  ignore line: [Configuré avec: ../configure --enable-bootstrap --enable-languages=c,c++,objc,obj-c++,fortran,ada,go,lto --prefix=/usr --mandir=/usr/share/man --infodir=/usr/share/info --with-bugurl=http://bugzilla.redhat.com/bugzilla --enable-shared --enable-threads=posix --enable-checking=release --enable-multilib --with-system-zlib --enable-__cxa_atexit --disable-libunwind-exceptions --enable-gnu-unique-object --enable-linker-build-id --with-gcc-major-version-only --with-linker-hash-style=gnu --enable-plugin --enable-initfini-array --with-isl --enable-libmpx --enable-offload-targets=nvptx-none --without-cuda-driver --enable-gnu-indirect-function --with-tune=generic --with-arch_32=i686 --build=x86_64-redhat-linux]
  ignore line: [Modèle de thread: posix]
  ignore line: [gcc version 7.3.1 20180130 (Red Hat 7.3.1-2) (GCC) ]
  ignore line: [COMPILER_PATH=/usr/libexec/gcc/x86_64-redhat-linux/7/:/usr/libexec/gcc/x86_64-redhat-linux/7/:/usr/libexec/gcc/x86_64-redhat-linux/:/usr/lib/gcc/x86_64-redhat-linux/7/:/usr/lib/gcc/x86_64-redhat-linux/]
  ignore line: [LIBRARY_PATH=/usr/lib/gcc/x86_64-redhat-linux/7/:/usr/lib/gcc/x86_64-redhat-linux/7/../../../../lib64/:/lib/../lib64/:/usr/lib/../lib64/:./:/usr/lib/gcc/x86_64-redhat-linux/7/../../../:/lib/:/usr/lib/]
  ignore line: [COLLECT_GCC_OPTIONS='-v' '-o' 'cmTC_2d2fc' '-mtune=generic' '-march=x86-64']
  link line: [ /usr/libexec/gcc/x86_64-redhat-linux/7/collect2 -plugin /usr/libexec/gcc/x86_64-redhat-linux/7/liblto_plugin.so -plugin-opt=/usr/libexec/gcc/x86_64-redhat-linux/7/lto-wrapper -plugin-opt=-fresolution=/tmp/ccYqVIGu.res -plugin-opt=-pass-through=-lgcc -plugin-opt=-pass-through=-lgcc_s -plugin-opt=-pass-through=-lc -plugin-opt=-pass-through=-lgcc -plugin-opt=-pass-through=-lgcc_s --build-id --no-add-needed --eh-frame-hdr --hash-style=gnu -m elf_x86_64 -dynamic-linker /lib64/ld-linux-x86-64.so.2 -o cmTC_2d2fc /usr/lib/gcc/x86_64-redhat-linux/7/../../../../lib64/crt1.o /usr/lib/gcc/x86_64-redhat-linux/7/../../../../lib64/crti.o /usr/lib/gcc/x86_64-redhat-linux/7/crtbegin.o -L/usr/lib/gcc/x86_64-redhat-linux/7 -L/usr/lib/gcc/x86_64-redhat-linux/7/../../../../lib64 -L/lib/../lib64 -L/usr/lib/../lib64 -L. -L/usr/lib/gcc/x86_64-redhat-linux/7/../../.. CMakeFiles/cmTC_2d2fc.dir/CMakeCCompilerABI.c.o -lgcc --as-needed -lgcc_s --no-as-needed -lc -lgcc --as-needed -lgcc_s --no-as-needed /usr/lib/gcc/x86_64-redhat-linux/7/crtend.o /usr/lib/gcc/x86_64-redhat-linux/7/../../../../lib64/crtn.o]
    arg [/usr/libexec/gcc/x86_64-redhat-linux/7/collect2] ==> ignore
    arg [-plugin] ==> ignore
    arg [/usr/libexec/gcc/x86_64-redhat-linux/7/liblto_plugin.so] ==> ignore
    arg [-plugin-opt=/usr/libexec/gcc/x86_64-redhat-linux/7/lto-wrapper] ==> ignore
    arg [-plugin-opt=-fresolution=/tmp/ccYqVIGu.res] ==> ignore
    arg [-plugin-opt=-pass-through=-lgcc] ==> ignore
    arg [-plugin-opt=-pass-through=-lgcc_s] ==> ignore
    arg [-plugin-opt=-pass-through=-lc] ==> ignore
    arg [-plugin-opt=-pass-through=-lgcc] ==> ignore
    arg [-plugin-opt=-pass-through=-lgcc_s] ==> ignore
    arg [--build-id] ==> ignore
    arg [--no-add-needed] ==> ignore
    arg [--eh-frame-hdr] ==> ignore
    arg [--hash-style=gnu] ==> ignore
    arg [-m] ==> ignore
    arg [elf_x86_64] ==> ignore
    arg [-dynamic-linker] ==> ignore
    arg [/lib64/ld-linux-x86-64.so.2] ==> ignore
    arg [-o] ==> ignore
    arg [cmTC_2d2fc] ==> ignore
    arg [/usr/lib/gcc/x86_64-redhat-linux/7/../../../../lib64/crt1.o] ==> ignore
    arg [/usr/lib/gcc/x86_64-redhat-linux/7/../../../../lib64/crti.o] ==> ignore
    arg [/usr/lib/gcc/x86_64-redhat-linux/7/crtbegin.o] ==> ignore
    arg [-L/usr/lib/gcc/x86_64-redhat-linux/7] ==> dir [/usr/lib/gcc/x86_64-redhat-linux/7]
    arg [-L/usr/lib/gcc/x86_64-redhat-linux/7/../../../../lib64] ==> dir [/usr/lib/gcc/x86_64-redhat-linux/7/../../../../lib64]
    arg [-L/lib/../lib64] ==> dir [/lib/../lib64]
    arg [-L/usr/lib/../lib64] ==> dir [/usr/lib/../lib64]
    arg [-L.] ==> ignore
    arg [-L/usr/lib/gcc/x86_64-redhat-linux/7/../../..] ==> dir [/usr/lib/gcc/x86_64-redhat-linux/7/../../..]
    arg [CMakeFiles/cmTC_2d2fc.dir/CMakeCCompilerABI.c.o] ==> ignore
    arg [-lgcc] ==> lib [gcc]
    arg [--as-needed] ==> ignore
    arg [-lgcc_s] ==> lib [gcc_s]
    arg [--no-as-needed] ==> ignore
    arg [-lc] ==> lib [c]
    arg [-lgcc] ==> lib [gcc]
    arg [--as-needed] ==> ignore
    arg [-lgcc_s] ==> lib [gcc_s]
    arg [--no-as-needed] ==> ignore
    arg [/usr/lib/gcc/x86_64-redhat-linux/7/crtend.o] ==> ignore
    arg [/usr/lib/gcc/x86_64-redhat-linux/7/../../../../lib64/crtn.o] ==> ignore
  collapse library dir [/usr/lib/gcc/x86_64-redhat-linux/7] ==> [/usr/lib/gcc/x86_64-redhat-linux/7]
  collapse library dir [/usr/lib/gcc/x86_64-redhat-linux/7/../../../../lib64] ==> [/usr/lib64]
  collapse library dir [/lib/../lib64] ==> [/lib64]
  collapse library dir [/usr/lib/../lib64] ==> [/usr/lib64]
  collapse library dir [/usr/lib/gcc/x86_64-redhat-linux/7/../../..] ==> [/usr/lib]
  implicit libs: [gcc;gcc_s;c;gcc;gcc_s]
  implicit dirs: [/usr/lib/gcc/x86_64-redhat-linux/7;/usr/lib64;/lib64;/usr/lib]
  implicit fwks: []




Detecting C [-std=c11] compiler features compiled with the following output:
Change Dir: /home/vchelot/CPP/cpp_indie_studio/src/Graphics/CMakeFiles/CMakeTmp

Run Build Command:"/bin/gmake" "cmTC_22796/fast"
/bin/gmake -f CMakeFiles/cmTC_22796.dir/build.make CMakeFiles/cmTC_22796.dir/build
gmake[1] : on entre dans le répertoire « /home/vchelot/CPP/cpp_indie_studio/src/Graphics/CMakeFiles/CMakeTmp »
Building C object CMakeFiles/cmTC_22796.dir/feature_tests.c.o
/bin/cc   -std=c11 -o CMakeFiles/cmTC_22796.dir/feature_tests.c.o   -c /home/vchelot/CPP/cpp_indie_studio/src/Graphics/CMakeFiles/feature_tests.c
Linking C executable cmTC_22796
/usr/bin/cmake -E cmake_link_script CMakeFiles/cmTC_22796.dir/link.txt --verbose=1
/bin/cc      CMakeFiles/cmTC_22796.dir/feature_tests.c.o  -o cmTC_22796 
gmake[1] : on quitte le répertoire « /home/vchelot/CPP/cpp_indie_studio/src/Graphics/CMakeFiles/CMakeTmp »


    Feature record: C_FEATURE:1c_function_prototypes
    Feature record: C_FEATURE:1c_restrict
    Feature record: C_FEATURE:1c_static_assert
    Feature record: C_FEATURE:1c_variadic_macros


Detecting C [-std=c99] compiler features compiled with the following output:
Change Dir: /home/vchelot/CPP/cpp_indie_studio/src/Graphics/CMakeFiles/CMakeTmp

Run Build Command:"/bin/gmake" "cmTC_f2e39/fast"
/bin/gmake -f CMakeFiles/cmTC_f2e39.dir/build.make CMakeFiles/cmTC_f2e39.dir/build
gmake[1] : on entre dans le répertoire « /home/vchelot/CPP/cpp_indie_studio/src/Graphics/CMakeFiles/CMakeTmp »
Building C object CMakeFiles/cmTC_f2e39.dir/feature_tests.c.o
/bin/cc   -std=c99 -o CMakeFiles/cmTC_f2e39.dir/feature_tests.c.o   -c /home/vchelot/CPP/cpp_indie_studio/src/Graphics/CMakeFiles/feature_tests.c
Linking C executable cmTC_f2e39
/usr/bin/cmake -E cmake_link_script CMakeFiles/cmTC_f2e39.dir/link.txt --verbose=1
/bin/cc      CMakeFiles/cmTC_f2e39.dir/feature_tests.c.o  -o cmTC_f2e39 
gmake[1] : on quitte le répertoire « /home/vchelot/CPP/cpp_indie_studio/src/Graphics/CMakeFiles/CMakeTmp »


    Feature record: C_FEATURE:1c_function_prototypes
    Feature record: C_FEATURE:1c_restrict
    Feature record: C_FEATURE:0c_static_assert
    Feature record: C_FEATURE:1c_variadic_macros


Detecting C [-std=c90] compiler features compiled with the following output:
Change Dir: /home/vchelot/CPP/cpp_indie_studio/src/Graphics/CMakeFiles/CMakeTmp

Run Build Command:"/bin/gmake" "cmTC_ab865/fast"
/bin/gmake -f CMakeFiles/cmTC_ab865.dir/build.make CMakeFiles/cmTC_ab865.dir/build
gmake[1] : on entre dans le répertoire « /home/vchelot/CPP/cpp_indie_studio/src/Graphics/CMakeFiles/CMakeTmp »
Building C object CMakeFiles/cmTC_ab865.dir/feature_tests.c.o
/bin/cc   -std=c90 -o CMakeFiles/cmTC_ab865.dir/feature_tests.c.o   -c /home/vchelot/CPP/cpp_indie_studio/src/Graphics/CMakeFiles/feature_tests.c
Linking C executable cmTC_ab865
/usr/bin/cmake -E cmake_link_script CMakeFiles/cmTC_ab865.dir/link.txt --verbose=1
/bin/cc      CMakeFiles/cmTC_ab865.dir/feature_tests.c.o  -o cmTC_ab865 
gmake[1] : on quitte le répertoire « /home/vchelot/CPP/cpp_indie_studio/src/Graphics/CMakeFiles/CMakeTmp »


    Feature record: C_FEATURE:1c_function_prototypes
    Feature record: C_FEATURE:0c_restrict
    Feature record: C_FEATURE:0c_static_assert
    Feature record: C_FEATURE:0c_variadic_macros
Determining if the CXX compiler works passed with the following output:
Change Dir: /home/vchelot/CPP/cpp_indie_studio/src/Graphics/CMakeFiles/CMakeTmp

Run Build Command:"/bin/gmake" "cmTC_bcdbc/fast"
/bin/gmake -f CMakeFiles/cmTC_bcdbc.dir/build.make CMakeFiles/cmTC_bcdbc.dir/build
gmake[1] : on entre dans le répertoire « /home/vchelot/CPP/cpp_indie_studio/src/Graphics/CMakeFiles/CMakeTmp »
Building CXX object CMakeFiles/cmTC_bcdbc.dir/testCXXCompiler.cxx.o
/bin/c++     -o CMakeFiles/cmTC_bcdbc.dir/testCXXCompiler.cxx.o -c /home/vchelot/CPP/cpp_indie_studio/src/Graphics/CMakeFiles/CMakeTmp/testCXXCompiler.cxx
Linking CXX executable cmTC_bcdbc
/usr/bin/cmake -E cmake_link_script CMakeFiles/cmTC_bcdbc.dir/link.txt --verbose=1
/bin/c++       CMakeFiles/cmTC_bcdbc.dir/testCXXCompiler.cxx.o  -o cmTC_bcdbc 
gmake[1] : on quitte le répertoire « /home/vchelot/CPP/cpp_indie_studio/src/Graphics/CMakeFiles/CMakeTmp »


Detecting CXX compiler ABI info compiled with the following output:
Change Dir: /home/vchelot/CPP/cpp_indie_studio/src/Graphics/CMakeFiles/CMakeTmp

Run Build Command:"/bin/gmake" "cmTC_10702/fast"
/bin/gmake -f CMakeFiles/cmTC_10702.dir/build.make CMakeFiles/cmTC_10702.dir/build
gmake[1] : on entre dans le répertoire « /home/vchelot/CPP/cpp_indie_studio/src/Graphics/CMakeFiles/CMakeTmp »
Building CXX object CMakeFiles/cmTC_10702.dir/CMakeCXXCompilerABI.cpp.o
/bin/c++     -o CMakeFiles/cmTC_10702.dir/CMakeCXXCompilerABI.cpp.o -c /usr/share/cmake/Modules/CMakeCXXCompilerABI.cpp
Linking CXX executable cmTC_10702
/usr/bin/cmake -E cmake_link_script CMakeFiles/cmTC_10702.dir/link.txt --verbose=1
/bin/c++      -v CMakeFiles/cmTC_10702.dir/CMakeCXXCompilerABI.cpp.o  -o cmTC_10702 
Utilisation des specs internes.
COLLECT_GCC=/bin/c++
COLLECT_LTO_WRAPPER=/usr/libexec/gcc/x86_64-redhat-linux/7/lto-wrapper
OFFLOAD_TARGET_NAMES=nvptx-none
OFFLOAD_TARGET_DEFAULT=1
Cible : x86_64-redhat-linux
Configuré avec: ../configure --enable-bootstrap --enable-languages=c,c++,objc,obj-c++,fortran,ada,go,lto --prefix=/usr --mandir=/usr/share/man --infodir=/usr/share/info --with-bugurl=http://bugzilla.redhat.com/bugzilla --enable-shared --enable-threads=posix --enable-checking=release --enable-multilib --with-system-zlib --enable-__cxa_atexit --disable-libunwind-exceptions --enable-gnu-unique-object --enable-linker-build-id --with-gcc-major-version-only --with-linker-hash-style=gnu --enable-plugin --enable-initfini-array --with-isl --enable-libmpx --enable-offload-targets=nvptx-none --without-cuda-driver --enable-gnu-indirect-function --with-tune=generic --with-arch_32=i686 --build=x86_64-redhat-linux
Modèle de thread: posix
gcc version 7.3.1 20180130 (Red Hat 7.3.1-2) (GCC) 
COMPILER_PATH=/usr/libexec/gcc/x86_64-redhat-linux/7/:/usr/libexec/gcc/x86_64-redhat-linux/7/:/usr/libexec/gcc/x86_64-redhat-linux/:/usr/lib/gcc/x86_64-redhat-linux/7/:/usr/lib/gcc/x86_64-redhat-linux/
LIBRARY_PATH=/usr/lib/gcc/x86_64-redhat-linux/7/:/usr/lib/gcc/x86_64-redhat-linux/7/../../../../lib64/:/lib/../lib64/:/usr/lib/../lib64/:./:/usr/lib/gcc/x86_64-redhat-linux/7/../../../:/lib/:/usr/lib/
COLLECT_GCC_OPTIONS='-v' '-o' 'cmTC_10702' '-shared-libgcc' '-mtune=generic' '-march=x86-64'
 /usr/libexec/gcc/x86_64-redhat-linux/7/collect2 -plugin /usr/libexec/gcc/x86_64-redhat-linux/7/liblto_plugin.so -plugin-opt=/usr/libexec/gcc/x86_64-redhat-linux/7/lto-wrapper -plugin-opt=-fresolution=/tmp/cccqtYCO.res -plugin-opt=-pass-through=-lgcc_s -plugin-opt=-pass-through=-lgcc -plugin-opt=-pass-through=-lc -plugin-opt=-pass-through=-lgcc_s -plugin-opt=-pass-through=-lgcc --build-id --no-add-needed --eh-frame-hdr --hash-style=gnu -m elf_x86_64 -dynamic-linker /lib64/ld-linux-x86-64.so.2 -o cmTC_10702 /usr/lib/gcc/x86_64-redhat-linux/7/../../../../lib64/crt1.o /usr/lib/gcc/x86_64-redhat-linux/7/../../../../lib64/crti.o /usr/lib/gcc/x86_64-redhat-linux/7/crtbegin.o -L/usr/lib/gcc/x86_64-redhat-linux/7 -L/usr/lib/gcc/x86_64-redhat-linux/7/../../../../lib64 -L/lib/../lib64 -L/usr/lib/../lib64 -L. -L/usr/lib/gcc/x86_64-redhat-linux/7/../../.. CMakeFiles/cmTC_10702.dir/CMakeCXXCompilerABI.cpp.o -lstdc++ -lm -lgcc_s -lgcc -lc -lgcc_s -lgcc /usr/lib/gcc/x86_64-redhat-linux/7/crtend.o /usr/lib/gcc/x86_64-redhat-linux/7/../../../../lib64/crtn.o
COLLECT_GCC_OPTIONS='-v' '-o' 'cmTC_10702' '-shared-libgcc' '-mtune=generic' '-march=x86-64'
gmake[1] : on quitte le répertoire « /home/vchelot/CPP/cpp_indie_studio/src/Graphics/CMakeFiles/CMakeTmp »


Parsed CXX implicit link information from above output:
  link line regex: [^( *|.*[/\])(ld|CMAKE_LINK_STARTFILE-NOTFOUND|([^/\]+-)?ld|collect2)[^/\]*( |$)]
  ignore line: [Change Dir: /home/vchelot/CPP/cpp_indie_studio/src/Graphics/CMakeFiles/CMakeTmp]
  ignore line: []
  ignore line: [Run Build Command:"/bin/gmake" "cmTC_10702/fast"]
  ignore line: [/bin/gmake -f CMakeFiles/cmTC_10702.dir/build.make CMakeFiles/cmTC_10702.dir/build]
  ignore line: [gmake[1] : on entre dans le répertoire « /home/vchelot/CPP/cpp_indie_studio/src/Graphics/CMakeFiles/CMakeTmp »]
  ignore line: [Building CXX object CMakeFiles/cmTC_10702.dir/CMakeCXXCompilerABI.cpp.o]
  ignore line: [/bin/c++     -o CMakeFiles/cmTC_10702.dir/CMakeCXXCompilerABI.cpp.o -c /usr/share/cmake/Modules/CMakeCXXCompilerABI.cpp]
  ignore line: [Linking CXX executable cmTC_10702]
  ignore line: [/usr/bin/cmake -E cmake_link_script CMakeFiles/cmTC_10702.dir/link.txt --verbose=1]
  ignore line: [/bin/c++      -v CMakeFiles/cmTC_10702.dir/CMakeCXXCompilerABI.cpp.o  -o cmTC_10702 ]
  ignore line: [Utilisation des specs internes.]
  ignore line: [COLLECT_GCC=/bin/c++]
  ignore line: [COLLECT_LTO_WRAPPER=/usr/libexec/gcc/x86_64-redhat-linux/7/lto-wrapper]
  ignore line: [OFFLOAD_TARGET_NAMES=nvptx-none]
  ignore line: [OFFLOAD_TARGET_DEFAULT=1]
  ignore line: [Cible : x86_64-redhat-linux]
  ignore line: [Configuré avec: ../configure --enable-bootstrap --enable-languages=c,c++,objc,obj-c++,fortran,ada,go,lto --prefix=/usr --mandir=/usr/share/man --infodir=/usr/share/info --with-bugurl=http://bugzilla.redhat.com/bugzilla --enable-shared --enable-threads=posix --enable-checking=release --enable-multilib --with-system-zlib --enable-__cxa_atexit --disable-libunwind-exceptions --enable-gnu-unique-object --enable-linker-build-id --with-gcc-major-version-only --with-linker-hash-style=gnu --enable-plugin --enable-initfini-array --with-isl --enable-libmpx --enable-offload-targets=nvptx-none --without-cuda-driver --enable-gnu-indirect-function --with-tune=generic --with-arch_32=i686 --build=x86_64-redhat-linux]
  ignore line: [Modèle de thread: posix]
  ignore line: [gcc version 7.3.1 20180130 (Red Hat 7.3.1-2) (GCC) ]
  ignore line: [COMPILER_PATH=/usr/libexec/gcc/x86_64-redhat-linux/7/:/usr/libexec/gcc/x86_64-redhat-linux/7/:/usr/libexec/gcc/x86_64-redhat-linux/:/usr/lib/gcc/x86_64-redhat-linux/7/:/usr/lib/gcc/x86_64-redhat-linux/]
  ignore line: [LIBRARY_PATH=/usr/lib/gcc/x86_64-redhat-linux/7/:/usr/lib/gcc/x86_64-redhat-linux/7/../../../../lib64/:/lib/../lib64/:/usr/lib/../lib64/:./:/usr/lib/gcc/x86_64-redhat-linux/7/../../../:/lib/:/usr/lib/]
  ignore line: [COLLECT_GCC_OPTIONS='-v' '-o' 'cmTC_10702' '-shared-libgcc' '-mtune=generic' '-march=x86-64']
  link line: [ /usr/libexec/gcc/x86_64-redhat-linux/7/collect2 -plugin /usr/libexec/gcc/x86_64-redhat-linux/7/liblto_plugin.so -plugin-opt=/usr/libexec/gcc/x86_64-redhat-linux/7/lto-wrapper -plugin-opt=-fresolution=/tmp/cccqtYCO.res -plugin-opt=-pass-through=-lgcc_s -plugin-opt=-pass-through=-lgcc -plugin-opt=-pass-through=-lc -plugin-opt=-pass-through=-lgcc_s -plugin-opt=-pass-through=-lgcc --build-id --no-add-needed --eh-frame-hdr --hash-style=gnu -m elf_x86_64 -dynamic-linker /lib64/ld-linux-x86-64.so.2 -o cmTC_10702 /usr/lib/gcc/x86_64-redhat-linux/7/../../../../lib64/crt1.o /usr/lib/gcc/x86_64-redhat-linux/7/../../../../lib64/crti.o /usr/lib/gcc/x86_64-redhat-linux/7/crtbegin.o -L/usr/lib/gcc/x86_64-redhat-linux/7 -L/usr/lib/gcc/x86_64-redhat-linux/7/../../../../lib64 -L/lib/../lib64 -L/usr/lib/../lib64 -L. -L/usr/lib/gcc/x86_64-redhat-linux/7/../../.. CMakeFiles/cmTC_10702.dir/CMakeCXXCompilerABI.cpp.o -lstdc++ -lm -lgcc_s -lgcc -lc -lgcc_s -lgcc /usr/lib/gcc/x86_64-redhat-linux/7/crtend.o /usr/lib/gcc/x86_64-redhat-linux/7/../../../../lib64/crtn.o]
    arg [/usr/libexec/gcc/x86_64-redhat-linux/7/collect2] ==> ignore
    arg [-plugin] ==> ignore
    arg [/usr/libexec/gcc/x86_64-redhat-linux/7/liblto_plugin.so] ==> ignore
    arg [-plugin-opt=/usr/libexec/gcc/x86_64-redhat-linux/7/lto-wrapper] ==> ignore
    arg [-plugin-opt=-fresolution=/tmp/cccqtYCO.res] ==> ignore
    arg [-plugin-opt=-pass-through=-lgcc_s] ==> ignore
    arg [-plugin-opt=-pass-through=-lgcc] ==> ignore
    arg [-plugin-opt=-pass-through=-lc] ==> ignore
    arg [-plugin-opt=-pass-through=-lgcc_s] ==> ignore
    arg [-plugin-opt=-pass-through=-lgcc] ==> ignore
    arg [--build-id] ==> ignore
    arg [--no-add-needed] ==> ignore
    arg [--eh-frame-hdr] ==> ignore
    arg [--hash-style=gnu] ==> ignore
    arg [-m] ==> ignore
    arg [elf_x86_64] ==> ignore
    arg [-dynamic-linker] ==> ignore
    arg [/lib64/ld-linux-x86-64.so.2] ==> ignore
    arg [-o] ==> ignore
    arg [cmTC_10702] ==> ignore
    arg [/usr/lib/gcc/x86_64-redhat-linux/7/../../../../lib64/crt1.o] ==> ignore
    arg [/usr/lib/gcc/x86_64-redhat-linux/7/../../../../lib64/crti.o] ==> ignore
    arg [/usr/lib/gcc/x86_64-redhat-linux/7/crtbegin.o] ==> ignore
    arg [-L/usr/lib/gcc/x86_64-redhat-linux/7] ==> dir [/usr/lib/gcc/x86_64-redhat-linux/7]
    arg [-L/usr/lib/gcc/x86_64-redhat-linux/7/../../../../lib64] ==> dir [/usr/lib/gcc/x86_64-redhat-linux/7/../../../../lib64]
    arg [-L/lib/../lib64] ==> dir [/lib/../lib64]
    arg [-L/usr/lib/../lib64] ==> dir [/usr/lib/../lib64]
    arg [-L.] ==> ignore
    arg [-L/usr/lib/gcc/x86_64-redhat-linux/7/../../..] ==> dir [/usr/lib/gcc/x86_64-redhat-linux/7/../../..]
    arg [CMakeFiles/cmTC_10702.dir/CMakeCXXCompilerABI.cpp.o] ==> ignore
    arg [-lstdc++] ==> lib [stdc++]
    arg [-lm] ==> lib [m]
    arg [-lgcc_s] ==> lib [gcc_s]
    arg [-lgcc] ==> lib [gcc]
    arg [-lc] ==> lib [c]
    arg [-lgcc_s] ==> lib [gcc_s]
    arg [-lgcc] ==> lib [gcc]
    arg [/usr/lib/gcc/x86_64-redhat-linux/7/crtend.o] ==> ignore
    arg [/usr/lib/gcc/x86_64-redhat-linux/7/../../../../lib64/crtn.o] ==> ignore
  collapse library dir [/usr/lib/gcc/x86_64-redhat-linux/7] ==> [/usr/lib/gcc/x86_64-redhat-linux/7]
  collapse library dir [/usr/lib/gcc/x86_64-redhat-linux/7/../../../../lib64] ==> [/usr/lib64]
  collapse library dir [/lib/../lib64] ==> [/lib64]
  collapse library dir [/usr/lib/../lib64] ==> [/usr/lib64]
  collapse library dir [/usr/lib/gcc/x86_64-redhat-linux/7/../../..] ==> [/usr/lib]
  implicit libs: [stdc++;m;gcc_s;gcc;c;gcc_s;gcc]
  implicit dirs: [/usr/lib/gcc/x86_64-redhat-linux/7;/usr/lib64;/lib64;/usr/lib]
  implicit fwks: []




Detecting CXX [-std=c++1z] compiler features compiled with the following output:
Change Dir: /home/vchelot/CPP/cpp_indie_studio/src/Graphics/CMakeFiles/CMakeTmp

Run Build Command:"/bin/gmake" "cmTC_7e451/fast"
/bin/gmake -f CMakeFiles/cmTC_7e451.dir/build.make CMakeFiles/cmTC_7e451.dir/build
gmake[1] : on entre dans le répertoire « /home/vchelot/CPP/cpp_indie_studio/src/Graphics/CMakeFiles/CMakeTmp »
Building CXX object CMakeFiles/cmTC_7e451.dir/feature_tests.cxx.o
/bin/c++    -std=c++1z -o CMakeFiles/cmTC_7e451.dir/feature_tests.cxx.o -c /home/vchelot/CPP/cpp_indie_studio/src/Graphics/CMakeFiles/feature_tests.cxx
Linking CXX executable cmTC_7e451
/usr/bin/cmake -E cmake_link_script CMakeFiles/cmTC_7e451.dir/link.txt --verbose=1
/bin/c++       CMakeFiles/cmTC_7e451.dir/feature_tests.cxx.o  -o cmTC_7e451 
gmake[1] : on quitte le répertoire « /home/vchelot/CPP/cpp_indie_studio/src/Graphics/CMakeFiles/CMakeTmp »


    Feature record: CXX_FEATURE:1cxx_aggregate_default_initializers
    Feature record: CXX_FEATURE:1cxx_alias_templates
    Feature record: CXX_FEATURE:1cxx_alignas
    Feature record: CXX_FEATURE:1cxx_alignof
    Feature record: CXX_FEATURE:1cxx_attributes
    Feature record: CXX_FEATURE:1cxx_attribute_deprecated
    Feature record: CXX_FEATURE:1cxx_auto_type
    Feature record: CXX_FEATURE:1cxx_binary_literals
    Feature record: CXX_FEATURE:1cxx_constexpr
    Feature record: CXX_FEATURE:1cxx_contextual_conversions
    Feature record: CXX_FEATURE:1cxx_decltype
    Feature record: CXX_FEATURE:1cxx_decltype_auto
    Feature record: CXX_FEATURE:1cxx_decltype_incomplete_return_types
    Feature record: CXX_FEATURE:1cxx_default_function_template_args
    Feature record: CXX_FEATURE:1cxx_defaulted_functions
    Feature record: CXX_FEATURE:1cxx_defaulted_move_initializers
    Feature record: CXX_FEATURE:1cxx_delegating_constructors
    Feature record: CXX_FEATURE:1cxx_deleted_functions
    Feature record: CXX_FEATURE:1cxx_digit_separators
    Feature record: CXX_FEATURE:1cxx_enum_forward_declarations
    Feature record: CXX_FEATURE:1cxx_explicit_conversions
    Feature record: CXX_FEATURE:1cxx_extended_friend_declarations
    Feature record: CXX_FEATURE:1cxx_extern_templates
    Feature record: CXX_FEATURE:1cxx_final
    Feature record: CXX_FEATURE:1cxx_func_identifier
    Feature record: CXX_FEATURE:1cxx_generalized_initializers
    Feature record: CXX_FEATURE:1cxx_generic_lambdas
    Feature record: CXX_FEATURE:1cxx_inheriting_constructors
    Feature record: CXX_FEATURE:1cxx_inline_namespaces
    Feature record: CXX_FEATURE:1cxx_lambdas
    Feature record: CXX_FEATURE:1cxx_lambda_init_captures
    Feature record: CXX_FEATURE:1cxx_local_type_template_args
    Feature record: CXX_FEATURE:1cxx_long_long_type
    Feature record: CXX_FEATURE:1cxx_noexcept
    Feature record: CXX_FEATURE:1cxx_nonstatic_member_init
    Feature record: CXX_FEATURE:1cxx_nullptr
    Feature record: CXX_FEATURE:1cxx_override
    Feature record: CXX_FEATURE:1cxx_range_for
    Feature record: CXX_FEATURE:1cxx_raw_string_literals
    Feature record: CXX_FEATURE:1cxx_reference_qualified_functions
    Feature record: CXX_FEATURE:1cxx_relaxed_constexpr
    Feature record: CXX_FEATURE:1cxx_return_type_deduction
    Feature record: CXX_FEATURE:1cxx_right_angle_brackets
    Feature record: CXX_FEATURE:1cxx_rvalue_references
    Feature record: CXX_FEATURE:1cxx_sizeof_member
    Feature record: CXX_FEATURE:1cxx_static_assert
    Feature record: CXX_FEATURE:1cxx_strong_enums
    Feature record: CXX_FEATURE:1cxx_template_template_parameters
    Feature record: CXX_FEATURE:1cxx_thread_local
    Feature record: CXX_FEATURE:1cxx_trailing_return_types
    Feature record: CXX_FEATURE:1cxx_unicode_literals
    Feature record: CXX_FEATURE:1cxx_uniform_initialization
    Feature record: CXX_FEATURE:1cxx_unrestricted_unions
    Feature record: CXX_FEATURE:1cxx_user_literals
    Feature record: CXX_FEATURE:1cxx_variable_templates
    Feature record: CXX_FEATURE:1cxx_variadic_macros
    Feature record: CXX_FEATURE:1cxx_variadic_templates


Detecting CXX [-std=c++14] compiler features compiled with the following output:
Change Dir: /home/vchelot/CPP/cpp_indie_studio/src/Graphics/CMakeFiles/CMakeTmp

Run Build Command:"/bin/gmake" "cmTC_c0ca1/fast"
/bin/gmake -f CMakeFiles/cmTC_c0ca1.dir/build.make CMakeFiles/cmTC_c0ca1.dir/build
gmake[1] : on entre dans le répertoire « /home/vchelot/CPP/cpp_indie_studio/src/Graphics/CMakeFiles/CMakeTmp »
Building CXX object CMakeFiles/cmTC_c0ca1.dir/feature_tests.cxx.o
/bin/c++    -std=c++14 -o CMakeFiles/cmTC_c0ca1.dir/feature_tests.cxx.o -c /home/vchelot/CPP/cpp_indie_studio/src/Graphics/CMakeFiles/feature_tests.cxx
Linking CXX executable cmTC_c0ca1
/usr/bin/cmake -E cmake_link_script CMakeFiles/cmTC_c0ca1.dir/link.txt --verbose=1
/bin/c++       CMakeFiles/cmTC_c0ca1.dir/feature_tests.cxx.o  -o cmTC_c0ca1 
gmake[1] : on quitte le répertoire « /home/vchelot/CPP/cpp_indie_studio/src/Graphics/CMakeFiles/CMakeTmp »


    Feature record: CXX_FEATURE:1cxx_aggregate_default_initializers
    Feature record: CXX_FEATURE:1cxx_alias_templates
    Feature record: CXX_FEATURE:1cxx_alignas
    Feature record: CXX_FEATURE:1cxx_alignof
    Feature record: CXX_FEATURE:1cxx_attributes
    Feature record: CXX_FEATURE:1cxx_attribute_deprecated
    Feature record: CXX_FEATURE:1cxx_auto_type
    Feature record: CXX_FEATURE:1cxx_binary_literals
    Feature record: CXX_FEATURE:1cxx_constexpr
    Feature record: CXX_FEATURE:1cxx_contextual_conversions
    Feature record: CXX_FEATURE:1cxx_decltype
    Feature record: CXX_FEATURE:1cxx_decltype_auto
    Feature record: CXX_FEATURE:1cxx_decltype_incomplete_return_types
    Feature record: CXX_FEATURE:1cxx_default_function_template_args
    Feature record: CXX_FEATURE:1cxx_defaulted_functions
    Feature record: CXX_FEATURE:1cxx_defaulted_move_initializers
    Feature record: CXX_FEATURE:1cxx_delegating_constructors
    Feature record: CXX_FEATURE:1cxx_deleted_functions
    Feature record: CXX_FEATURE:1cxx_digit_separators
    Feature record: CXX_FEATURE:1cxx_enum_forward_declarations
    Feature record: CXX_FEATURE:1cxx_explicit_conversions
    Feature record: CXX_FEATURE:1cxx_extended_friend_declarations
    Feature record: CXX_FEATURE:1cxx_extern_templates
    Feature record: CXX_FEATURE:1cxx_final
    Feature record: CXX_FEATURE:1cxx_func_identifier
    Feature record: CXX_FEATURE:1cxx_generalized_initializers
    Feature record: CXX_FEATURE:1cxx_generic_lambdas
    Feature record: CXX_FEATURE:1cxx_inheriting_constructors
    Feature record: CXX_FEATURE:1cxx_inline_namespaces
    Feature record: CXX_FEATURE:1cxx_lambdas
    Feature record: CXX_FEATURE:1cxx_lambda_init_captures
    Feature record: CXX_FEATURE:1cxx_local_type_template_args
    Feature record: CXX_FEATURE:1cxx_long_long_type
    Feature record: CXX_FEATURE:1cxx_noexcept
    Feature record: CXX_FEATURE:1cxx_nonstatic_member_init
    Feature record: CXX_FEATURE:1cxx_nullptr
    Feature record: CXX_FEATURE:1cxx_override
    Feature record: CXX_FEATURE:1cxx_range_for
    Feature record: CXX_FEATURE:1cxx_raw_string_literals
    Feature record: CXX_FEATURE:1cxx_reference_qualified_functions
    Feature record: CXX_FEATURE:1cxx_relaxed_constexpr
    Feature record: CXX_FEATURE:1cxx_return_type_deduction
    Feature record: CXX_FEATURE:1cxx_right_angle_brackets
    Feature record: CXX_FEATURE:1cxx_rvalue_references
    Feature record: CXX_FEATURE:1cxx_sizeof_member
    Feature record: CXX_FEATURE:1cxx_static_assert
    Feature record: CXX_FEATURE:1cxx_strong_enums
    Feature record: CXX_FEATURE:1cxx_template_template_parameters
    Feature record: CXX_FEATURE:1cxx_thread_local
    Feature record: CXX_FEATURE:1cxx_trailing_return_types
    Feature record: CXX_FEATURE:1cxx_unicode_literals
    Feature record: CXX_FEATURE:1cxx_uniform_initialization
    Feature record: CXX_FEATURE:1cxx_unrestricted_unions
    Feature record: CXX_FEATURE:1cxx_user_literals
    Feature record: CXX_FEATURE:1cxx_variable_templates
    Feature record: CXX_FEATURE:1cxx_variadic_macros
    Feature record: CXX_FEATURE:1cxx_variadic_templates


Detecting CXX [-std=c++11] compiler features compiled with the following output:
Change Dir: /home/vchelot/CPP/cpp_indie_studio/src/Graphics/CMakeFiles/CMakeTmp

Run Build Command:"/bin/gmake" "cmTC_448cd/fast"
/bin/gmake -f CMakeFiles/cmTC_448cd.dir/build.make CMakeFiles/cmTC_448cd.dir/build
gmake[1] : on entre dans le répertoire « /home/vchelot/CPP/cpp_indie_studio/src/Graphics/CMakeFiles/CMakeTmp »
Building CXX object CMakeFiles/cmTC_448cd.dir/feature_tests.cxx.o
/bin/c++    -std=c++11 -o CMakeFiles/cmTC_448cd.dir/feature_tests.cxx.o -c /home/vchelot/CPP/cpp_indie_studio/src/Graphics/CMakeFiles/feature_tests.cxx
Linking CXX executable cmTC_448cd
/usr/bin/cmake -E cmake_link_script CMakeFiles/cmTC_448cd.dir/link.txt --verbose=1
/bin/c++       CMakeFiles/cmTC_448cd.dir/feature_tests.cxx.o  -o cmTC_448cd 
gmake[1] : on quitte le répertoire « /home/vchelot/CPP/cpp_indie_studio/src/Graphics/CMakeFiles/CMakeTmp »


    Feature record: CXX_FEATURE:0cxx_aggregate_default_initializers
    Feature record: CXX_FEATURE:1cxx_alias_templates
    Feature record: CXX_FEATURE:1cxx_alignas
    Feature record: CXX_FEATURE:1cxx_alignof
    Feature record: CXX_FEATURE:1cxx_attributes
    Feature record: CXX_FEATURE:0cxx_attribute_deprecated
    Feature record: CXX_FEATURE:1cxx_auto_type
    Feature record: CXX_FEATURE:0cxx_binary_literals
    Feature record: CXX_FEATURE:1cxx_constexpr
    Feature record: CXX_FEATURE:0cxx_contextual_conversions
    Feature record: CXX_FEATURE:1cxx_decltype
    Feature record: CXX_FEATURE:0cxx_decltype_auto
    Feature record: CXX_FEATURE:1cxx_decltype_incomplete_return_types
    Feature record: CXX_FEATURE:1cxx_default_function_template_args
    Feature record: CXX_FEATURE:1cxx_defaulted_functions
    Feature record: CXX_FEATURE:1cxx_defaulted_move_initializers
    Feature record: CXX_FEATURE:1cxx_delegating_constructors
    Feature record: CXX_FEATURE:1cxx_deleted_functions
    Feature record: CXX_FEATURE:0cxx_digit_separators
    Feature record: CXX_FEATURE:1cxx_enum_forward_declarations
    Feature record: CXX_FEATURE:1cxx_explicit_conversions
    Feature record: CXX_FEATURE:1cxx_extended_friend_declarations
    Feature record: CXX_FEATURE:1cxx_extern_templates
    Feature record: CXX_FEATURE:1cxx_final
    Feature record: CXX_FEATURE:1cxx_func_identifier
    Feature record: CXX_FEATURE:1cxx_generalized_initializers
    Feature record: CXX_FEATURE:0cxx_generic_lambdas
    Feature record: CXX_FEATURE:1cxx_inheriting_constructors
    Feature record: CXX_FEATURE:1cxx_inline_namespaces
    Feature record: CXX_FEATURE:1cxx_lambdas
    Feature record: CXX_FEATURE:0cxx_lambda_init_captures
    Feature record: CXX_FEATURE:1cxx_local_type_template_args
    Feature record: CXX_FEATURE:1cxx_long_long_type
    Feature record: CXX_FEATURE:1cxx_noexcept
    Feature record: CXX_FEATURE:1cxx_nonstatic_member_init
    Feature record: CXX_FEATURE:1cxx_nullptr
    Feature record: CXX_FEATURE:1cxx_override
    Feature record: CXX_FEATURE:1cxx_range_for
    Feature record: CXX_FEATURE:1cxx_raw_string_literals
    Feature record: CXX_FEATURE:1cxx_reference_qualified_functions
    Feature record: CXX_FEATURE:0cxx_relaxed_constexpr
    Feature record: CXX_FEATURE:0cxx_return_type_deduction
    Feature record: CXX_FEATURE:1cxx_right_angle_brackets
    Feature record: CXX_FEATURE:1cxx_rvalue_references
    Feature record: CXX_FEATURE:1cxx_sizeof_member
    Feature record: CXX_FEATURE:1cxx_static_assert
    Feature record: CXX_FEATURE:1cxx_strong_enums
    Feature record: CXX_FEATURE:1cxx_template_template_parameters
    Feature record: CXX_FEATURE:1cxx_thread_local
    Feature record: CXX_FEATURE:1cxx_trailing_return_types
    Feature record: CXX_FEATURE:1cxx_unicode_literals
    Feature record: CXX_FEATURE:1cxx_uniform_initialization
    Feature record: CXX_FEATURE:1cxx_unrestricted_unions
    Feature record: CXX_FEATURE:1cxx_user_literals
    Feature record: CXX_FEATURE:0cxx_variable_templates
    Feature record: CXX_FEATURE:1cxx_variadic_macros
    Feature record: CXX_FEATURE:1cxx_variadic_templates


Detecting CXX [-std=c++98] compiler features compiled with the following output:
Change Dir: /home/vchelot/CPP/cpp_indie_studio/src/Graphics/CMakeFiles/CMakeTmp

Run Build Command:"/bin/gmake" "cmTC_32d7d/fast"
/bin/gmake -f CMakeFiles/cmTC_32d7d.dir/build.make CMakeFiles/cmTC_32d7d.dir/build
gmake[1] : on entre dans le répertoire « /home/vchelot/CPP/cpp_indie_studio/src/Graphics/CMakeFiles/CMakeTmp »
Building CXX object CMakeFiles/cmTC_32d7d.dir/feature_tests.cxx.o
/bin/c++    -std=c++98 -o CMakeFiles/cmTC_32d7d.dir/feature_tests.cxx.o -c /home/vchelot/CPP/cpp_indie_studio/src/Graphics/CMakeFiles/feature_tests.cxx
Linking CXX executable cmTC_32d7d
/usr/bin/cmake -E cmake_link_script CMakeFiles/cmTC_32d7d.dir/link.txt --verbose=1
/bin/c++       CMakeFiles/cmTC_32d7d.dir/feature_tests.cxx.o  -o cmTC_32d7d 
gmake[1] : on quitte le répertoire « /home/vchelot/CPP/cpp_indie_studio/src/Graphics/CMakeFiles/CMakeTmp »


    Feature record: CXX_FEATURE:0cxx_aggregate_default_initializers
    Feature record: CXX_FEATURE:0cxx_alias_templates
    Feature record: CXX_FEATURE:0cxx_alignas
    Feature record: CXX_FEATURE:0cxx_alignof
    Feature record: CXX_FEATURE:0cxx_attributes
    Feature record: CXX_FEATURE:0cxx_attribute_deprecated
    Feature record: CXX_FEATURE:0cxx_auto_type
    Feature record: CXX_FEATURE:0cxx_binary_literals
    Feature record: CXX_FEATURE:0cxx_constexpr
    Feature record: CXX_FEATURE:0cxx_contextual_conversions
    Feature record: CXX_FEATURE:0cxx_decltype
    Feature record: CXX_FEATURE:0cxx_decltype_auto
    Feature record: CXX_FEATURE:0cxx_decltype_incomplete_return_types
    Feature record: CXX_FEATURE:0cxx_default_function_template_args
    Feature record: CXX_FEATURE:0cxx_defaulted_functions
    Feature record: CXX_FEATURE:0cxx_defaulted_move_initializers
    Feature record: CXX_FEATURE:0cxx_delegating_constructors
    Feature record: CXX_FEATURE:0cxx_deleted_functions
    Feature record: CXX_FEATURE:0cxx_digit_separators
    Feature record: CXX_FEATURE:0cxx_enum_forward_declarations
    Feature record: CXX_FEATURE:0cxx_explicit_conversions
    Feature record: CXX_FEATURE:0cxx_extended_friend_declarations
    Feature record: CXX_FEATURE:0cxx_extern_templates
    Feature record: CXX_FEATURE:0cxx_final
    Feature record: CXX_FEATURE:0cxx_func_identifier
    Feature record: CXX_FEATURE:0cxx_generalized_initializers
    Feature record: CXX_FEATURE:0cxx_generic_lambdas
    Feature record: CXX_FEATURE:0cxx_inheriting_constructors
    Feature record: CXX_FEATURE:0cxx_inline_namespaces
    Feature record: CXX_FEATURE:0cxx_lambdas
    Feature record: CXX_FEATURE:0cxx_lambda_init_captures
    Feature record: CXX_FEATURE:0cxx_local_type_template_args
    Feature record: CXX_FEATURE:0cxx_long_long_type
    Feature record: CXX_FEATURE:0cxx_noexcept
    Feature record: CXX_FEATURE:0cxx_nonstatic_member_init
    Feature record: CXX_FEATURE:0cxx_nullptr
    Feature record: CXX_FEATURE:0cxx_override
    Feature record: CXX_FEATURE:0cxx_range_for
    Feature record: CXX_FEATURE:0cxx_raw_string_literals
    Feature record: CXX_FEATURE:0cxx_reference_qualified_functions
    Feature record: CXX_FEATURE:0cxx_relaxed_constexpr
    Feature record: CXX_FEATURE:0cxx_return_type_deduction
    Feature record: CXX_FEATURE:0cxx_right_angle_brackets
    Feature record: CXX_FEATURE:0cxx_rvalue_references
    Feature record: CXX_FEATURE:0cxx_sizeof_member
    Feature record: CXX_FEATURE:0cxx_static_assert
    Feature record: CXX_FEATURE:0cxx_strong_enums
    Feature record: CXX_FEATURE:1cxx_template_template_parameters
    Feature record: CXX_FEATURE:0cxx_thread_local
    Feature record: CXX_FEATURE:0cxx_trailing_return_types
    Feature record: CXX_FEATURE:0cxx_unicode_literals
    Feature record: CXX_FEATURE:0cxx_uniform_initialization
    Feature record: CXX_FEATURE:0cxx_unrestricted_unions
    Feature record: CXX_FEATURE:0cxx_user_literals
    Feature record: CXX_FEATURE:0cxx_variable_templates
    Feature record: CXX_FEATURE:0cxx_variadic_macros
    Feature record: CXX_FEATURE:0cxx_variadic_templates
Determining if the function XOpenDisplay exists in the /usr/lib64/libX11.so;/usr/lib64/libXext.so passed with the following output:
Change Dir: /home/vchelot/CPP/cpp_indie_studio/src/Graphics/CMakeFiles/CMakeTmp

Run Build Command:"/bin/gmake" "cmTC_bb026/fast"
/bin/gmake -f CMakeFiles/cmTC_bb026.dir/build.make CMakeFiles/cmTC_bb026.dir/build
gmake[1] : on entre dans le répertoire « /home/vchelot/CPP/cpp_indie_studio/src/Graphics/CMakeFiles/CMakeTmp »
Building C object CMakeFiles/cmTC_bb026.dir/CheckFunctionExists.c.o
/bin/cc   -DCHECK_FUNCTION_EXISTS=XOpenDisplay   -o CMakeFiles/cmTC_bb026.dir/CheckFunctionExists.c.o   -c /usr/share/cmake/Modules/CheckFunctionExists.c
Linking C executable cmTC_bb026
/usr/bin/cmake -E cmake_link_script CMakeFiles/cmTC_bb026.dir/link.txt --verbose=1
/bin/cc  -DCHECK_FUNCTION_EXISTS=XOpenDisplay    CMakeFiles/cmTC_bb026.dir/CheckFunctionExists.c.o  -o cmTC_bb026 /usr/lib64/libX11.so /usr/lib64/libXext.so 
gmake[1] : on quitte le répertoire « /home/vchelot/CPP/cpp_indie_studio/src/Graphics/CMakeFiles/CMakeTmp »


Determining if the function gethostbyname exists passed with the following output:
Change Dir: /home/vchelot/CPP/cpp_indie_studio/src/Graphics/CMakeFiles/CMakeTmp

Run Build Command:"/bin/gmake" "cmTC_dd72b/fast"
/bin/gmake -f CMakeFiles/cmTC_dd72b.dir/build.make CMakeFiles/cmTC_dd72b.dir/build
gmake[1] : on entre dans le répertoire « /home/vchelot/CPP/cpp_indie_studio/src/Graphics/CMakeFiles/CMakeTmp »
Building C object CMakeFiles/cmTC_dd72b.dir/CheckFunctionExists.c.o
/bin/cc   -DCHECK_FUNCTION_EXISTS=gethostbyname   -o CMakeFiles/cmTC_dd72b.dir/CheckFunctionExists.c.o   -c /usr/share/cmake/Modules/CheckFunctionExists.c
Linking C executable cmTC_dd72b
/usr/bin/cmake -E cmake_link_script CMakeFiles/cmTC_dd72b.dir/link.txt --verbose=1
/bin/cc  -DCHECK_FUNCTION_EXISTS=gethostbyname    CMakeFiles/cmTC_dd72b.dir/CheckFunctionExists.c.o  -o cmTC_dd72b 
gmake[1] : on quitte le répertoire « /home/vchelot/CPP/cpp_indie_studio/src/Graphics/CMakeFiles/CMakeTmp »


Determining if the function connect exists passed with the following output:
Change Dir: /home/vchelot/CPP/cpp_indie_studio/src/Graphics/CMakeFiles/CMakeTmp

Run Build Command:"/bin/gmake" "cmTC_35b07/fast"
/bin/gmake -f CMakeFiles/cmTC_35b07.dir/build.make CMakeFiles/cmTC_35b07.dir/build
gmake[1] : on entre dans le répertoire « /home/vchelot/CPP/cpp_indie_studio/src/Graphics/CMakeFiles/CMakeTmp »
Building C object CMakeFiles/cmTC_35b07.dir/CheckFunctionExists.c.o
/bin/cc   -DCHECK_FUNCTION_EXISTS=connect   -o CMakeFiles/cmTC_35b07.dir/CheckFunctionExists.c.o   -c /usr/share/cmake/Modules/CheckFunctionExists.c
Linking C executable cmTC_35b07
/usr/bin/cmake -E cmake_link_script CMakeFiles/cmTC_35b07.dir/link.txt --verbose=1
/bin/cc  -DCHECK_FUNCTION_EXISTS=connect    CMakeFiles/cmTC_35b07.dir/CheckFunctionExists.c.o  -o cmTC_35b07 
gmake[1] : on quitte le répertoire « /home/vchelot/CPP/cpp_indie_studio/src/Graphics/CMakeFiles/CMakeTmp »


Determining if the function remove exists passed with the following output:
Change Dir: /home/vchelot/CPP/cpp_indie_studio/src/Graphics/CMakeFiles/CMakeTmp

Run Build Command:"/bin/gmake" "cmTC_ea9f7/fast"
/bin/gmake -f CMakeFiles/cmTC_ea9f7.dir/build.make CMakeFiles/cmTC_ea9f7.dir/build
gmake[1] : on entre dans le répertoire « /home/vchelot/CPP/cpp_indie_studio/src/Graphics/CMakeFiles/CMakeTmp »
Building C object CMakeFiles/cmTC_ea9f7.dir/CheckFunctionExists.c.o
/bin/cc   -DCHECK_FUNCTION_EXISTS=remove   -o CMakeFiles/cmTC_ea9f7.dir/CheckFunctionExists.c.o   -c /usr/share/cmake/Modules/CheckFunctionExists.c
Linking C executable cmTC_ea9f7
/usr/bin/cmake -E cmake_link_script CMakeFiles/cmTC_ea9f7.dir/link.txt --verbose=1
/bin/cc  -DCHECK_FUNCTION_EXISTS=remove    CMakeFiles/cmTC_ea9f7.dir/CheckFunctionExists.c.o  -o cmTC_ea9f7 
gmake[1] : on quitte le répertoire « /home/vchelot/CPP/cpp_indie_studio/src/Graphics/CMakeFiles/CMakeTmp »


Determining if the function shmat exists passed with the following output:
Change Dir: /home/vchelot/CPP/cpp_indie_studio/src/Graphics/CMakeFiles/CMakeTmp

Run Build Command:"/bin/gmake" "cmTC_62cb3/fast"
/bin/gmake -f CMakeFiles/cmTC_62cb3.dir/build.make CMakeFiles/cmTC_62cb3.dir/build
gmake[1] : on entre dans le répertoire « /home/vchelot/CPP/cpp_indie_studio/src/Graphics/CMakeFiles/CMakeTmp »
Building C object CMakeFiles/cmTC_62cb3.dir/CheckFunctionExists.c.o
/bin/cc   -DCHECK_FUNCTION_EXISTS=shmat   -o CMakeFiles/cmTC_62cb3.dir/CheckFunctionExists.c.o   -c /usr/share/cmake/Modules/CheckFunctionExists.c
Linking C executable cmTC_62cb3
/usr/bin/cmake -E cmake_link_script CMakeFiles/cmTC_62cb3.dir/link.txt --verbose=1
/bin/cc  -DCHECK_FUNCTION_EXISTS=shmat    CMakeFiles/cmTC_62cb3.dir/CheckFunctionExists.c.o  -o cmTC_62cb3 
gmake[1] : on quitte le répertoire « /home/vchelot/CPP/cpp_indie_studio/src/Graphics/CMakeFiles/CMakeTmp »


Determining if the function IceConnectionNumber exists in the ICE passed with the following output:
Change Dir: /home/vchelot/CPP/cpp_indie_studio/src/Graphics/CMakeFiles/CMakeTmp

Run Build Command:"/bin/gmake" "cmTC_d39c0/fast"
/bin/gmake -f CMakeFiles/cmTC_d39c0.dir/build.make CMakeFiles/cmTC_d39c0.dir/build
gmake[1] : on entre dans le répertoire « /home/vchelot/CPP/cpp_indie_studio/src/Graphics/CMakeFiles/CMakeTmp »
Building C object CMakeFiles/cmTC_d39c0.dir/CheckFunctionExists.c.o
/bin/cc   -DCHECK_FUNCTION_EXISTS=IceConnectionNumber   -o CMakeFiles/cmTC_d39c0.dir/CheckFunctionExists.c.o   -c /usr/share/cmake/Modules/CheckFunctionExists.c
Linking C executable cmTC_d39c0
/usr/bin/cmake -E cmake_link_script CMakeFiles/cmTC_d39c0.dir/link.txt --verbose=1
/bin/cc  -DCHECK_FUNCTION_EXISTS=IceConnectionNumber    CMakeFiles/cmTC_d39c0.dir/CheckFunctionExists.c.o  -o cmTC_d39c0 -lICE 
gmake[1] : on quitte le répertoire « /home/vchelot/CPP/cpp_indie_studio/src/Graphics/CMakeFiles/CMakeTmp »


